2024-04-10 11:12:46,439 [INFO] Activator:176 - 


2024-04-10 11:12:46,445 [INFO] Activator:177 - !SESSION log4j initialized
2024-04-10 11:12:52,701 [INFO] LogOutputStream:77 - [STDOUT_REDIRECT] 
2024-04-10 11:12:59,228 [INFO] ApplicationProperties:184 - Using Application install path: G:\stm32cubeide\stm32cubeide114\STM32CubeIDE_1.14.0\STM32CubeIDE\plugins\com.st.stm32cube.common.mx_6.10.0.202311202037
2024-04-10 11:12:59,250 [INFO] DbMcusXml:78 - Set database path to: G:\stm32cubeide\stm32cubeide114\STM32CubeIDE_1.14.0\STM32CubeIDE\plugins\com.st.stm32cube.common.mx_6.10.0.202311202037\\db\/mcu/
2024-04-10 11:12:59,251 [INFO] ApiDb:274 - Set plugin database path to: G:\stm32cubeide\stm32cubeide114\STM32CubeIDE_1.14.0\STM32CubeIDE\plugins\com.st.stm32cube.common.mx_6.10.0.202311202037\\db\/plugins/boardmanager/
2024-04-10 11:12:59,252 [WARN] ApiDb:259 - Overriding images path with different value:  => G:\stm32cubeide\stm32cubeide114\STM32CubeIDE_1.14.0\STM32CubeIDE\plugins\com.st.stm32cube.common.mx_6.10.0.202311202037\\db\/plugins/mcufinder/images/
2024-04-10 11:12:59,269 [INFO] ApiDb:250 - Set database path to: C:\Users\Nghia\.stmcufinder\plugins\mcufinder//mcu/
2024-04-10 11:12:59,271 [INFO] DbMcusAds:125 - Set database path to: C:\Users\Nghia\.stmcufinder\plugins\mcufinder//mcu/
2024-04-10 11:12:59,273 [INFO] CrossReferenceDbSqlite:203 - Set database path to: C:\Users\Nghia\.stmcufinder\plugins\mcufinder//mcu/cs/
2024-04-10 11:12:59,407 [INFO] RulesReader:64 - Compatibility file has been processed (297 Rules)
2024-04-10 11:12:59,515 [INFO] DbMcusXml:78 - Set database path to: G:\stm32cubeide\stm32cubeide114\STM32CubeIDE_1.14.0\STM32CubeIDE\plugins\com.st.stm32cube.common.mx_6.10.0.202311202037\\db\/mcu/
2024-04-10 11:12:59,515 [INFO] ApiDb:274 - Set plugin database path to: G:\stm32cubeide\stm32cubeide114\STM32CubeIDE_1.14.0\STM32CubeIDE\plugins\com.st.stm32cube.common.mx_6.10.0.202311202037\\db\/plugins/boardmanager/
2024-04-10 11:12:59,515 [INFO] ApiDb:261 - Set plugin images path to: G:\stm32cubeide\stm32cubeide114\STM32CubeIDE_1.14.0\STM32CubeIDE\plugins\com.st.stm32cube.common.mx_6.10.0.202311202037\\db\/plugins/mcufinder/images/
2024-04-10 11:12:59,516 [WARN] DbFile:41 - Overriding database path with different value: C:\Users\Nghia\.stmcufinder\plugins\mcufinder/ => C:\Users\Nghia\.stmcufinder\plugins\mcufinder
2024-04-10 11:12:59,516 [INFO] ApiDb:250 - Set database path to: C:\Users\Nghia\.stmcufinder\plugins\mcufinder//mcu/
2024-04-10 11:12:59,516 [WARN] DbFile:41 - Overriding database path with different value: C:\Users\Nghia\.stmcufinder\plugins\mcufinder/ => C:\Users\Nghia\.stmcufinder\plugins\mcufinder
2024-04-10 11:12:59,516 [INFO] DbMcusAds:125 - Set database path to: C:\Users\Nghia\.stmcufinder\plugins\mcufinder//mcu/
2024-04-10 11:12:59,516 [WARN] DbFile:41 - Overriding database path with different value: C:\Users\Nghia\.stmcufinder\plugins\mcufinder/ => C:\Users\Nghia\.stmcufinder\plugins\mcufinder
2024-04-10 11:12:59,516 [WARN] DbFile:41 - Overriding database path with different value: C:\Users\Nghia\.stmcufinder\plugins\mcufinder/ => C:\Users\Nghia\.stmcufinder\plugins\mcufinder
2024-04-10 11:12:59,516 [INFO] CrossReferenceDbSqlite:203 - Set database path to: C:\Users\Nghia\.stmcufinder\plugins\mcufinder//mcu/cs/
2024-04-10 11:12:59,607 [INFO] MainPanel:264 - HeapMemory: 268435456
2024-04-10 11:12:59,709 [INFO] DbMcusXml:78 - Set database path to: G:\stm32cubeide\stm32cubeide114\STM32CubeIDE_1.14.0\STM32CubeIDE\plugins\com.st.stm32cube.common.mx_6.10.0.202311202037\\db\/mcu/
2024-04-10 11:12:59,709 [INFO] ApiDb:274 - Set plugin database path to: G:\stm32cubeide\stm32cubeide114\STM32CubeIDE_1.14.0\STM32CubeIDE\plugins\com.st.stm32cube.common.mx_6.10.0.202311202037\\db\/plugins/boardmanager/
2024-04-10 11:12:59,710 [INFO] ApiDb:261 - Set plugin images path to: G:\stm32cubeide\stm32cubeide114\STM32CubeIDE_1.14.0\STM32CubeIDE\plugins\com.st.stm32cube.common.mx_6.10.0.202311202037\\db\/plugins/mcufinder/images/
2024-04-10 11:12:59,710 [WARN] DbFile:41 - Overriding database path with different value: C:\Users\Nghia\.stmcufinder\plugins\mcufinder/ => C:\Users\Nghia\.stmcufinder\plugins\mcufinder
2024-04-10 11:12:59,710 [INFO] ApiDb:250 - Set database path to: C:\Users\Nghia\.stmcufinder\plugins\mcufinder//mcu/
2024-04-10 11:12:59,710 [WARN] DbFile:41 - Overriding database path with different value: C:\Users\Nghia\.stmcufinder\plugins\mcufinder/ => C:\Users\Nghia\.stmcufinder\plugins\mcufinder
2024-04-10 11:12:59,710 [INFO] DbMcusAds:125 - Set database path to: C:\Users\Nghia\.stmcufinder\plugins\mcufinder//mcu/
2024-04-10 11:12:59,710 [WARN] DbFile:41 - Overriding database path with different value: C:\Users\Nghia\.stmcufinder\plugins\mcufinder/ => C:\Users\Nghia\.stmcufinder\plugins\mcufinder
2024-04-10 11:12:59,710 [WARN] DbFile:41 - Overriding database path with different value: C:\Users\Nghia\.stmcufinder\plugins\mcufinder/ => C:\Users\Nghia\.stmcufinder\plugins\mcufinder
2024-04-10 11:12:59,710 [INFO] CrossReferenceDbSqlite:203 - Set database path to: C:\Users\Nghia\.stmcufinder\plugins\mcufinder//mcu/cs/
2024-04-10 11:12:59,729 [INFO] ApplicationProperties:184 - Using Application install path: G:\stm32cubeide\stm32cubeide114\STM32CubeIDE_1.14.0\STM32CubeIDE\plugins\com.st.stm32cube.common.mx_6.10.0.202311202037
2024-04-10 11:12:59,731 [INFO] PluginManage:196 - Search for loadable plugins [exclusion list=, ]
2024-04-10 11:12:59,732 [INFO] PluginManage:310 - Check plugin analytics
2024-04-10 11:13:04,814 [INFO] AnalyticsPlugin:253 - Accepted Software Licenses: STM32CubeMX.6.8.0,STM32CubeMX.6.1.1
2024-04-10 11:13:04,814 [INFO] AnalyticsPlugin:255 - Accepted CMSIS Pack Licenses: 
2024-04-10 11:13:04,814 [INFO] AnalyticsPlugin:257 - Accepted Firmware Licenses: FW.F4.1.27.0,FW.F4.1.28.0
2024-04-10 11:13:04,817 [INFO] PluginManage:359 - Loaded plugin analytics (category:tool,tabindex:-1)
2024-04-10 11:13:04,817 [INFO] PluginManage:310 - Check plugin cadmodel
2024-04-10 11:13:04,832 [INFO] CADModel:105 - Init CAD model plugin
2024-04-10 11:13:04,832 [INFO] PluginManage:359 - Loaded plugin cadmodel (category:power,tabindex:5)
2024-04-10 11:13:04,832 [INFO] PluginManage:310 - Check plugin clock
2024-04-10 11:13:04,851 [INFO] PluginManage:359 - Loaded plugin clock (category:base,tabindex:2)
2024-04-10 11:13:04,852 [INFO] PluginManage:310 - Check plugin ddr
2024-04-10 11:13:04,854 [INFO] PluginManage:359 - Loaded plugin ddr (category:tool,tabindex:6)
2024-04-10 11:13:04,854 [INFO] PluginManage:310 - Check plugin filemanager
2024-04-10 11:13:04,991 [INFO] PluginManage:359 - Loaded plugin filemanager (category:base,tabindex:10)
2024-04-10 11:13:04,991 [INFO] PluginManage:310 - Check plugin ipmanager
2024-04-10 11:13:05,001 [INFO] PluginManage:359 - Loaded plugin ipmanager (category:base,tabindex:5)
2024-04-10 11:13:05,001 [INFO] PluginManage:310 - Check plugin lpbam
2024-04-10 11:13:05,023 [INFO] PluginManage:359 - Loaded plugin lpbam (category:base,tabindex:0)
2024-04-10 11:13:05,023 [INFO] PluginManage:310 - Check plugin memorymap
2024-04-10 11:13:05,054 [INFO] PluginManage:359 - Loaded plugin memorymap (category:base,tabindex:4)
2024-04-10 11:13:05,054 [INFO] PluginManage:310 - Check plugin pinoutandconfiguration
2024-04-10 11:13:05,078 [INFO] PluginManage:359 - Loaded plugin pinoutandconfiguration (category:base,tabindex:1)
2024-04-10 11:13:05,078 [INFO] PluginManage:310 - Check plugin pinoutconfig
2024-04-10 11:13:05,197 [WARN] SupportedApi:132 - Cannot load RTOS API schema: s4s-elt-must-match.1: The content of 'definitions' must match (annotation?, (simpleType | complexType)?, (unique | key | keyref)*)). A problem was found starting at: attribute.
2024-04-10 11:13:05,353 [INFO] PluginManage:359 - Loaded plugin pinoutconfig (category:base,tabindex:0)
2024-04-10 11:13:05,353 [INFO] PluginManage:310 - Check plugin power
2024-04-10 11:13:05,375 [INFO] PluginManage:359 - Loaded plugin power (category:power,tabindex:4)
2024-04-10 11:13:05,375 [INFO] PluginManage:310 - Check plugin projectmanager
2024-04-10 11:13:05,389 [INFO] PluginManage:359 - Loaded plugin projectmanager (category:projectmanager,tabindex:3)
2024-04-10 11:13:05,389 [INFO] PluginManage:310 - Check plugin thirdparty
2024-04-10 11:13:05,628 [INFO] PluginManage:359 - Loaded plugin thirdparty (category:base,tabindex:-1)
2024-04-10 11:13:05,628 [WARN] IntegrityCheckThread:84 - waiting for thirdparty lock release [integrity check]
2024-04-10 11:13:05,628 [INFO] PluginManage:310 - Check plugin tools
2024-04-10 11:13:05,628 [INFO] IntegrityCheckThread:86 - entering critical section [integrity check]
2024-04-10 11:13:05,629 [INFO] ThirdPartyUpdaterWithRetryManager:70 - Updater plugin not ready yet. [1/15]
2024-04-10 11:13:05,657 [INFO] PluginManage:359 - Loaded plugin tools (category:base,tabindex:7)
2024-04-10 11:13:05,657 [INFO] PluginManage:310 - Check plugin tutovideos
2024-04-10 11:13:05,838 [INFO] PluginManage:359 - Loaded plugin tutovideos (category:base,tabindex:-1)
2024-04-10 11:13:05,838 [INFO] PluginManage:310 - Check plugin updater
2024-04-10 11:13:05,849 [INFO] PluginManage:359 - Loaded plugin updater (category:base,tabindex:12)
2024-04-10 11:13:05,849 [INFO] PluginManage:310 - Check plugin userauth
2024-04-10 11:13:05,854 [INFO] UserAuth:114 - Init User Auth plugin
2024-04-10 11:13:05,854 [INFO] PluginManage:359 - Loaded plugin userauth (category:base,tabindex:14)
2024-04-10 11:13:05,855 [INFO] PluginManage:283 - PluginManage : Loaded plugins [17]
2024-04-10 11:13:06,060 [INFO] PinOutPanel:1499 - setPackage(No Configuration,No Configuration)
2024-04-10 11:13:06,136 [INFO] CADModel:165 - CPN selected for project level
2024-04-10 11:13:06,137 [INFO] CADModel:114 - Register for checkConnection events
2024-04-10 11:13:06,160 [INFO] IPUIPlugin:80 - create IPUIPlugin
2024-04-10 11:13:06,160 [INFO] PluginManager:220 - loadIPPluginJar : add adc
2024-04-10 11:13:06,189 [INFO] IPUIPlugin:80 - create IPUIPlugin
2024-04-10 11:13:06,189 [INFO] PluginManager:220 - loadIPPluginJar : add aes
2024-04-10 11:13:06,224 [INFO] IPUIPlugin:80 - create IPUIPlugin
2024-04-10 11:13:06,224 [INFO] PluginManager:220 - loadIPPluginJar : add can
2024-04-10 11:13:06,242 [INFO] IPUIPlugin:80 - create IPUIPlugin
2024-04-10 11:13:06,243 [INFO] PluginManager:220 - loadIPPluginJar : add comp
2024-04-10 11:13:06,271 [INFO] IPUIPlugin:80 - create IPUIPlugin
2024-04-10 11:13:06,271 [INFO] PluginManager:220 - loadIPPluginJar : add cryp
2024-04-10 11:13:06,295 [INFO] IPUIPlugin:80 - create IPUIPlugin
2024-04-10 11:13:06,295 [INFO] PluginManager:220 - loadIPPluginJar : add dfsdm
2024-04-10 11:13:06,307 [INFO] IPUIPlugin:80 - create IPUIPlugin
2024-04-10 11:13:06,308 [INFO] PluginManager:220 - loadIPPluginJar : add dma
2024-04-10 11:13:06,342 [INFO] IPUIPlugin:80 - create IPUIPlugin
2024-04-10 11:13:06,342 [INFO] PluginManager:220 - loadIPPluginJar : add dma3
2024-04-10 11:13:06,360 [INFO] IPUIPlugin:80 - create IPUIPlugin
2024-04-10 11:13:06,360 [INFO] PluginManager:220 - loadIPPluginJar : add fatfs
2024-04-10 11:13:06,402 [INFO] IPUIPlugin:80 - create IPUIPlugin
2024-04-10 11:13:06,402 [INFO] PluginManager:220 - loadIPPluginJar : add fmc
2024-04-10 11:13:06,416 [INFO] IPUIPlugin:80 - create IPUIPlugin
2024-04-10 11:13:06,416 [INFO] PluginManager:220 - loadIPPluginJar : add freertos
2024-04-10 11:13:06,434 [INFO] IPUIPlugin:80 - create IPUIPlugin
2024-04-10 11:13:06,434 [INFO] PluginManager:220 - loadIPPluginJar : add genericplugin
2024-04-10 11:13:06,518 [INFO] IPUIPlugin:80 - create IPUIPlugin
2024-04-10 11:13:06,519 [INFO] PluginManager:220 - loadIPPluginJar : add gfxmmu
2024-04-10 11:13:06,642 [INFO] IPUIPlugin:80 - create IPUIPlugin
2024-04-10 11:13:06,642 [INFO] PluginManager:220 - loadIPPluginJar : add gic
2024-04-10 11:13:06,655 [INFO] IPUIPlugin:80 - create IPUIPlugin
2024-04-10 11:13:06,655 [INFO] PluginManager:220 - loadIPPluginJar : add gpio
2024-04-10 11:13:06,743 [INFO] IPUIPlugin:80 - create IPUIPlugin
2024-04-10 11:13:06,743 [INFO] PluginManager:220 - loadIPPluginJar : add gtzc
2024-04-10 11:13:06,770 [INFO] IPUIPlugin:80 - create IPUIPlugin
2024-04-10 11:13:06,770 [INFO] PluginManager:220 - loadIPPluginJar : add hash
2024-04-10 11:13:06,815 [INFO] IPUIPlugin:80 - create IPUIPlugin
2024-04-10 11:13:06,815 [INFO] PluginManager:220 - loadIPPluginJar : add i2c
2024-04-10 11:13:06,848 [INFO] IPUIPlugin:80 - create IPUIPlugin
2024-04-10 11:13:06,848 [INFO] PluginManager:220 - loadIPPluginJar : add i2s
2024-04-10 11:13:06,882 [INFO] IPUIPlugin:80 - create IPUIPlugin
2024-04-10 11:13:06,882 [INFO] PluginManager:220 - loadIPPluginJar : add i3c
2024-04-10 11:13:06,994 [INFO] IPUIPlugin:80 - create IPUIPlugin
2024-04-10 11:13:06,994 [INFO] PluginManager:220 - loadIPPluginJar : add ipddr
2024-04-10 11:13:07,077 [INFO] IPUIPlugin:80 - create IPUIPlugin
2024-04-10 11:13:07,077 [INFO] PluginManager:220 - loadIPPluginJar : add linkedlist
2024-04-10 11:13:07,108 [INFO] IPUIPlugin:80 - create IPUIPlugin
2024-04-10 11:13:07,108 [INFO] PluginManager:220 - loadIPPluginJar : add lorawan
2024-04-10 11:13:07,138 [INFO] IPUIPlugin:80 - create IPUIPlugin
2024-04-10 11:13:07,138 [INFO] PluginManager:220 - loadIPPluginJar : add ltdc
2024-04-10 11:13:07,149 [INFO] IPUIPlugin:80 - create IPUIPlugin
2024-04-10 11:13:07,150 [INFO] PluginManager:220 - loadIPPluginJar : add mdma
2024-04-10 11:13:07,160 [INFO] IPUIPlugin:80 - create IPUIPlugin
2024-04-10 11:13:07,160 [INFO] PluginManager:220 - loadIPPluginJar : add nvic
2024-04-10 11:13:07,189 [INFO] IPUIPlugin:80 - create IPUIPlugin
2024-04-10 11:13:07,189 [INFO] PluginManager:220 - loadIPPluginJar : add opamp
2024-04-10 11:13:07,237 [INFO] IPUIPlugin:80 - create IPUIPlugin
2024-04-10 11:13:07,237 [INFO] PluginManager:220 - loadIPPluginJar : add openamp
2024-04-10 11:13:07,275 [INFO] IPUIPlugin:80 - create IPUIPlugin
2024-04-10 11:13:07,275 [INFO] PluginManager:220 - loadIPPluginJar : add pdm2pcm
2024-04-10 11:13:07,287 [INFO] IPUIPlugin:80 - create IPUIPlugin
2024-04-10 11:13:07,289 [INFO] PluginManager:220 - loadIPPluginJar : add plateformsettings
2024-04-10 11:13:07,307 [INFO] IPUIPlugin:80 - create IPUIPlugin
2024-04-10 11:13:07,307 [INFO] PluginManager:220 - loadIPPluginJar : add quadspi
2024-04-10 11:13:07,318 [INFO] IPUIPlugin:80 - create IPUIPlugin
2024-04-10 11:13:07,318 [INFO] PluginManager:220 - loadIPPluginJar : add resmgrutility
2024-04-10 11:13:07,358 [INFO] IPUIPlugin:80 - create IPUIPlugin
2024-04-10 11:13:07,358 [INFO] PluginManager:220 - loadIPPluginJar : add sai
2024-04-10 11:13:07,388 [INFO] IPUIPlugin:80 - create IPUIPlugin
2024-04-10 11:13:07,389 [INFO] PluginManager:220 - loadIPPluginJar : add spi
2024-04-10 11:13:07,453 [INFO] IPUIPlugin:80 - create IPUIPlugin
2024-04-10 11:13:07,453 [INFO] PluginManager:220 - loadIPPluginJar : add stm32_wpan
2024-04-10 11:13:07,472 [INFO] IPUIPlugin:80 - create IPUIPlugin
2024-04-10 11:13:07,473 [INFO] PluginManager:220 - loadIPPluginJar : add tim
2024-04-10 11:13:07,521 [INFO] IPUIPlugin:80 - create IPUIPlugin
2024-04-10 11:13:07,522 [INFO] PluginManager:220 - loadIPPluginJar : add touchsensing
2024-04-10 11:13:07,543 [INFO] IPUIPlugin:80 - create IPUIPlugin
2024-04-10 11:13:07,543 [INFO] PluginManager:220 - loadIPPluginJar : add tracer_emb
2024-04-10 11:13:07,565 [INFO] IPUIPlugin:80 - create IPUIPlugin
2024-04-10 11:13:07,565 [INFO] PluginManager:220 - loadIPPluginJar : add ts
2024-04-10 11:13:07,587 [INFO] IPUIPlugin:80 - create IPUIPlugin
2024-04-10 11:13:07,587 [INFO] PluginManager:220 - loadIPPluginJar : add tsc
2024-04-10 11:13:07,607 [INFO] IPUIPlugin:80 - create IPUIPlugin
2024-04-10 11:13:07,607 [INFO] PluginManager:220 - loadIPPluginJar : add ucpd
2024-04-10 11:13:07,645 [INFO] IPUIPlugin:80 - create IPUIPlugin
2024-04-10 11:13:07,645 [INFO] PluginManager:220 - loadIPPluginJar : add usart
2024-04-10 11:13:07,686 [INFO] IPUIPlugin:80 - create IPUIPlugin
2024-04-10 11:13:07,687 [INFO] PluginManager:220 - loadIPPluginJar : add usbx
2024-04-10 11:13:07,809 [INFO] CADModel:165 - CPN selected for project level
2024-04-10 11:13:07,810 [INFO] CADModel:114 - Register for checkConnection events
2024-04-10 11:13:07,810 [FATAL] Updater:308 - Updater called before beeing initialized
2024-04-10 11:13:07,810 [ERROR] CADModel:125 - Updater not yet initialized, retry later 
2024-04-10 11:13:07,939 [INFO] CADModel:165 - CPN selected for project level
2024-04-10 11:13:07,939 [INFO] CADModel:114 - Register for checkConnection events
2024-04-10 11:13:07,939 [FATAL] Updater:308 - Updater called before beeing initialized
2024-04-10 11:13:07,939 [ERROR] CADModel:125 - Updater not yet initialized, retry later 
2024-04-10 11:13:07,942 [FATAL] Updater:308 - Updater called before beeing initialized
2024-04-10 11:13:08,064 [FATAL] Updater:308 - Updater called before beeing initialized
2024-04-10 11:13:08,072 [INFO] DbMcusAds:53 - JSON generation date=Wed Nov 29 17:52:27 ICT 2023 (1701255147349)
2024-04-10 11:13:08,072 [FATAL] Updater:308 - Updater called before beeing initialized
2024-04-10 11:13:08,141 [WARN] DetailPanel:346 - Failed to get advertising image, set to default
2024-04-10 11:13:08,223 [FATAL] Updater:308 - Updater called before beeing initialized
2024-04-10 11:13:08,226 [FATAL] Updater:308 - Updater called before beeing initialized
2024-04-10 11:13:08,226 [FATAL] Updater:308 - Updater called before beeing initialized
2024-04-10 11:13:08,226 [WARN] DetailPanel:346 - Failed to get advertising image, set to default
2024-04-10 11:13:08,227 [FATAL] Updater:308 - Updater called before beeing initialized
2024-04-10 11:13:08,301 [ERROR] Updater:1120 - MainUpdater not yet initialized. External WinMGr cannot be set.
2024-04-10 11:13:08,313 [INFO] Updater:1056 - Updater Version found : 6.10.0
2024-04-10 11:13:08,334 [INFO] ApplicationProperties:184 - Using Application install path: G:\stm32cubeide\stm32cubeide114\STM32CubeIDE_1.14.0\STM32CubeIDE\plugins\com.st.stm32cube.common.mx_6.10.0.202311202037
2024-04-10 11:13:08,629 [INFO] ThirdPartyUpdaterWithRetryManager:70 - Updater plugin not ready yet. [2/15]
2024-04-10 11:13:08,737 [INFO] MainUpdater:2873 - connection check result : 10
2024-04-10 11:13:08,738 [INFO] MainUpdater:290 - Updater Check For Update Now.
2024-04-10 11:13:08,738 [INFO] MicroXplorer:498 - Change Database Version : DB.6.0.100
2024-04-10 11:13:08,754 [INFO] McuFinderGlobals:63 - Set McuFinder mode to 2 (CubeIDE integrated)
2024-04-10 11:13:08,972 [INFO] CheckServerUpdateThread:120 - End of CheckServer Thread
2024-04-10 11:13:09,059 [INFO] UserAuth:404 - Internet connection configuration mode: 1
2024-04-10 11:13:09,077 [INFO] JxBrowserEngine:152 - Initiate JxBrowser Engine with user profile folder
2024-04-10 11:13:11,951 [WARN] PackLoader:240 - Cannot read IP mode file for STMicroelectronics.X-CUBE-SMBUS.2.1.0
2024-04-10 11:13:11,967 [WARN] PackLoader:240 - Cannot read IP mode file for STMicroelectronics.X-CUBE-TOUCHGFX.4.23.1
2024-04-10 11:13:11,980 [WARN] PackLoader:240 - Cannot read IP mode file for STMicroelectronics.X-CUBE-TOUCHGFX.4.23.0
2024-04-10 11:13:11,994 [WARN] PackLoader:240 - Cannot read IP mode file for STMicroelectronics.X-CUBE-TOUCHGFX.4.23.2
2024-04-10 11:13:12,052 [WARN] PackLoader:240 - Cannot read IP mode file for STMicroelectronics.X-CUBE-AZRTOS-F7.1.1.0
2024-04-10 11:13:12,075 [INFO] WebApp:161 - Instantiating new browser for Auth
2024-04-10 11:13:12,078 [WARN] PackLoader:240 - Cannot read IP mode file for STMicroelectronics.FP-SNS-MOTENV1.4.3.2
2024-04-10 11:13:12,109 [WARN] PackLoader:240 - Cannot read IP mode file for STMicroelectronics.FP-SNS-FLIGHT1.5.0.2
2024-04-10 11:13:12,139 [WARN] PackLoader:240 - Cannot read IP mode file for STMicroelectronics.X-CUBE-DISPLAY.3.0.0
2024-04-10 11:13:12,173 [WARN] PackLoader:240 - Cannot read IP mode file for STMicroelectronics.X-CUBE-BLE1.7.0.0
2024-04-10 11:13:12,193 [WARN] PackLoader:240 - Cannot read IP mode file for emotas.I-CUBE-CANOPEN.1.3.0
2024-04-10 11:13:12,211 [WARN] PackLoader:240 - Cannot read IP mode file for STMicroelectronics.X-CUBE-TOUCHGFX.4.22.1
2024-04-10 11:13:12,243 [WARN] PackLoader:240 - Cannot read IP mode file for STMicroelectronics.X-CUBE-BLEMGR.3.1.0
2024-04-10 11:13:12,265 [WARN] PackLoader:240 - Cannot read IP mode file for STMicroelectronics.FP-SNS-SMARTAG2.1.2.0
2024-04-10 11:13:12,293 [INFO] LogOutputStream:77 - [STDOUT_REDIRECT] 1 : Invalid condition id : UX_CORESTACK_Condition cause : null
2024-04-10 11:13:12,297 [INFO] LogOutputStream:77 - [STDOUT_REDIRECT] 1 : Invalid condition id : UX_CORESTACK_Condition cause : null
2024-04-10 11:13:12,300 [INFO] LogOutputStream:77 - [STDOUT_REDIRECT] 1 : Invalid condition id : UX_CORESTACK_Condition cause : null
2024-04-10 11:13:12,302 [INFO] LogOutputStream:77 - [STDOUT_REDIRECT] 1 : Invalid condition id : UX_CORESTACK_Condition cause : null
2024-04-10 11:13:12,303 [INFO] LogOutputStream:77 - [STDOUT_REDIRECT] 1 : Invalid condition id : UX_CORESTACK_Condition cause : null
2024-04-10 11:13:12,312 [WARN] PackLoader:240 - Cannot read IP mode file for STMicroelectronics.X-CUBE-AZRTOS-WL.2.0.0
2024-04-10 11:13:12,335 [WARN] PackLoader:240 - Cannot read IP mode file for STMicroelectronics.FP-SNS-MOTENV1.5.0.0
2024-04-10 11:13:12,357 [WARN] PackLoader:240 - Cannot read IP mode file for WES.I-CUBE-Cesium.1.3.0
2024-04-10 11:13:12,375 [WARN] PackLoader:240 - Cannot read IP mode file for STMicroelectronics.X-CUBE-BLE2.3.3.0
2024-04-10 11:13:12,393 [WARN] PackLoader:240 - Cannot read IP mode file for STMicroelectronics.X-CUBE-TCPP.4.1.0
2024-04-10 11:13:12,424 [WARN] PackLoader:240 - Cannot read IP mode file for STMicroelectronics.X-CUBE-ALGOBUILD.1.3.0
2024-04-10 11:13:12,463 [WARN] PackLoader:240 - Cannot read IP mode file for STMicroelectronics.X-CUBE-AZRTOS-G0.1.1.0
2024-04-10 11:13:12,487 [WARN] PackLoader:240 - Cannot read IP mode file for STMicroelectronics.X-CUBE-SAFEA1.1.2.2
2024-04-10 11:13:12,507 [WARN] PackLoader:240 - Cannot read IP mode file for STMicroelectronics.X-CUBE-NFC4.3.0.0
2024-04-10 11:13:12,529 [WARN] PackLoader:240 - Cannot read IP mode file for STMicroelectronics.X-CUBE-BLEMGR.3.0.0
2024-04-10 11:13:12,544 [WARN] PackLoader:240 - Cannot read IP mode file for STMicroelectronics.FP-ATR-SIGFOX1.3.2.0
2024-04-10 11:13:12,563 [WARN] PackLoader:240 - Cannot read IP mode file for STMicroelectronics.X-CUBE-EEPRMA1.5.1.0
2024-04-10 11:13:12,611 [WARN] PackLoader:240 - Cannot read IP mode file for SEGGER.I-CUBE-embOS.1.3.1
2024-04-10 11:13:12,676 [WARN] PackLoader:240 - Cannot read IP mode file for STMicroelectronics.X-CUBE-GNSS1.6.0.0
2024-04-10 11:13:12,715 [WARN] PackLoader:240 - Cannot read IP mode file for STMicroelectronics.X-CUBE-AZRTOS-F4.1.1.0
2024-04-10 11:13:12,745 [WARN] PackLoader:240 - Cannot read IP mode file for wolfSSL.I-CUBE-wolfSSL.5.6.3
2024-04-10 11:13:12,782 [WARN] PackLoader:240 - Cannot read IP mode file for STMicroelectronics.X-CUBE-AZRTOS-L5.2.0.0
2024-04-10 11:13:12,851 [WARN] PackLoader:240 - Cannot read IP mode file for STMicroelectronics.X-CUBE-MEMS1.9.6.0
2024-04-10 11:13:13,031 [INFO] WebApp:780 - Register for checkConnection events
2024-04-10 11:13:13,032 [INFO] WebApp:414 - Apply proxy settings
2024-04-10 11:13:13,032 [INFO] WebApp:499 - Chromium requires no authentication
2024-04-10 11:13:13,042 [WARN] PackLoader:240 - Cannot read IP mode file for STMicroelectronics.X-CUBE-EEPRMA1.4.2.0
2024-04-10 11:13:13,045 [INFO] WebApp:442 - Direct internet connection detected
2024-04-10 11:13:13,063 [WARN] PackLoader:240 - Cannot read IP mode file for STMicroelectronics.X-CUBE-NFC6.3.1.0
2024-04-10 11:13:13,086 [WARN] PackLoader:240 - Cannot read IP mode file for ITTIA_DB.I-CUBE-ITTIADB.8.8.0
2024-04-10 11:13:13,105 [WARN] PackLoader:240 - Cannot read IP mode file for STMicroelectronics.X-CUBE-BLEMGR.2.0.0
2024-04-10 11:13:13,145 [WARN] ConditionMgr:438 - getConditionDescription Invalid condition id : UX DEVICE CLASS RTOS Condition cause : null
2024-04-10 11:13:13,145 [WARN] ConditionMgr:438 - getConditionDescription Invalid condition id : UX DEVICE CLASS RTOS Condition cause : null
2024-04-10 11:13:13,147 [WARN] PackLoader:240 - Cannot read IP mode file for STMicroelectronics.X-CUBE-AZRTOS-H7.3.1.0
2024-04-10 11:13:13,149 [WARN] ConditionMgr:1039 - genDependencies : Invalid condition id : UX DEVICE CLASS RTOS Condition cause : null
2024-04-10 11:13:13,149 [WARN] ConditionMgr:1039 - genDependencies : Invalid condition id : UX DEVICE CLASS RTOS Condition cause : null
2024-04-10 11:13:13,149 [WARN] ConditionMgr:1039 - genDependencies : Invalid condition id : UX DEVICE CLASS RTOS Condition cause : null
2024-04-10 11:13:13,150 [WARN] ConditionMgr:1039 - genDependencies : Invalid condition id : UX DEVICE CLASS RTOS Condition cause : null
2024-04-10 11:13:13,150 [WARN] ConditionMgr:1039 - genDependencies : Invalid condition id : UX DEVICE CLASS RTOS Condition cause : null
2024-04-10 11:13:13,169 [WARN] PackLoader:240 - Cannot read IP mode file for STMicroelectronics.X-CUBE-NFC7.1.0.1
2024-04-10 11:13:13,194 [WARN] PackLoader:240 - Cannot read IP mode file for STMicroelectronics.X-CUBE-NFC6.3.0.0
2024-04-10 11:13:13,212 [WARN] PackLoader:240 - Cannot read IP mode file for STMicroelectronics.X-CUBE-EEPRMA1.4.1.0
2024-04-10 11:13:13,230 [WARN] PackLoader:240 - Cannot read IP mode file for STMicroelectronics.X-CUBE-AI.8.1.0
2024-04-10 11:13:13,265 [WARN] ConditionMgr:438 - getConditionDescription Invalid condition id : LAN8742 Phy interface Condition cause : null
2024-04-10 11:13:13,266 [WARN] PackLoader:240 - Cannot read IP mode file for STMicroelectronics.X-CUBE-AZRTOS-L4.2.0.0
2024-04-10 11:13:13,269 [WARN] ConditionMgr:1039 - genDependencies : Invalid condition id : LAN8742 Phy interface Condition cause : null
2024-04-10 11:13:13,269 [WARN] ConditionMgr:1039 - genDependencies : Invalid condition id : LAN8742 Phy interface Condition cause : null
2024-04-10 11:13:13,270 [WARN] ConditionMgr:1039 - genDependencies : Invalid condition id : LAN8742 Phy interface Condition cause : null
2024-04-10 11:13:13,290 [WARN] PackLoader:240 - Cannot read IP mode file for STMicroelectronics.X-CUBE-SFXS2LP1.4.0.0
2024-04-10 11:13:13,306 [WARN] PackLoader:240 - Cannot read IP mode file for STMicroelectronics.X-CUBE-ISPU.1.1.0
2024-04-10 11:13:13,328 [INFO] WebApp:192 - Starting web application
2024-04-10 11:13:13,329 [INFO] WebApp:544 - Web application path used G:\stm32cubeide\stm32cubeide114\STM32CubeIDE_1.14.0\STM32CubeIDE\plugins\com.st.stm32cube.common.mx_6.10.0.202311202037\db\plugins\mcufinder\reactClient1\index.html
2024-04-10 11:13:13,334 [WARN] ConditionMgr:438 - getConditionDescription Invalid condition id : UX DEVICE CLASS RTOS Condition cause : null
2024-04-10 11:13:13,334 [WARN] ConditionMgr:438 - getConditionDescription Invalid condition id : UX DEVICE CLASS RTOS Condition cause : null
2024-04-10 11:13:13,336 [WARN] PackLoader:240 - Cannot read IP mode file for STMicroelectronics.X-CUBE-AZRTOS-WB.2.0.0
2024-04-10 11:13:13,336 [WARN] ConditionMgr:1039 - genDependencies : Invalid condition id : UX DEVICE CLASS RTOS Condition cause : null
2024-04-10 11:13:13,336 [WARN] ConditionMgr:1039 - genDependencies : Invalid condition id : UX DEVICE CLASS RTOS Condition cause : null
2024-04-10 11:13:13,337 [WARN] ConditionMgr:1039 - genDependencies : Invalid condition id : UX DEVICE CLASS RTOS Condition cause : null
2024-04-10 11:13:13,337 [WARN] ConditionMgr:1039 - genDependencies : Invalid condition id : UX DEVICE CLASS RTOS Condition cause : null
2024-04-10 11:13:13,337 [WARN] ConditionMgr:1039 - genDependencies : Invalid condition id : UX DEVICE CLASS RTOS Condition cause : null
2024-04-10 11:13:13,364 [WARN] PackLoader:240 - Cannot read IP mode file for STMicroelectronics.X-CUBE-SUBG2.5.0.0
2024-04-10 11:13:13,394 [WARN] PackLoader:240 - Cannot read IP mode file for STMicroelectronics.X-CUBE-TOF1.3.3.1
2024-04-10 11:13:13,432 [WARN] PackLoader:240 - Cannot read IP mode file for STMicroelectronics.X-CUBE-AZRTOS-G4.2.0.0
2024-04-10 11:13:13,458 [WARN] PackLoader:240 - Cannot read IP mode file for Infineon.AIROC-Wi-Fi-Bluetooth-STM32.1.5.1
2024-04-10 11:13:13,477 [WARN] PackLoader:240 - Cannot read IP mode file for STMicroelectronics.FP-SNS-MOTENVWB1.1.3.0
2024-04-10 11:13:13,492 [WARN] PackLoader:240 - Cannot read IP mode file for STMicroelectronics.FP-SNS-MOTENVWB1.1.3.1
2024-04-10 11:13:13,504 [WARN] PackLoader:240 - Cannot read IP mode file for STMicroelectronics.X-CUBE-ISPU.2.0.0
2024-04-10 11:13:13,575 [WARN] PackLoader:240 - Cannot read IP mode file for STMicroelectronics.X-CUBE-MEMS1.10.0.0
2024-04-10 11:13:13,807 [WARN] PackLoader:240 - Cannot read IP mode file for STMicroelectronics.X-CUBE-FREERTOS.1.1.0
2024-04-10 11:13:13,828 [WARN] PackLoader:240 - Cannot read IP mode file for portGmbH.I-Cube-SoM-uGOAL.1.1.0
2024-04-10 11:13:13,847 [WARN] PackLoader:240 - Cannot read IP mode file for STMicroelectronics.X-CUBE-ALS.1.0.1
2024-04-10 11:13:13,862 [WARN] PackLoader:240 - Cannot read IP mode file for STMicroelectronics.FP-ATR-ASTRA1.2.0.0
2024-04-10 11:13:13,881 [WARN] PackLoader:240 - Cannot read IP mode file for STMicroelectronics.X-CUBE-TOF1.3.4.0
2024-04-10 11:13:13,913 [WARN] PackLoader:240 - Cannot read IP mode file for STMicroelectronics.X-CUBE-TOF1.3.4.1
2024-04-10 11:13:13,956 [WARN] PackLoader:240 - Cannot read IP mode file for STMicroelectronics.X-CUBE-AZRTOS-H7.3.2.0
2024-04-10 11:13:13,959 [INFO] ThirdParty:978 - Integrity check success = true
2024-04-10 11:13:13,959 [INFO] IntegrityCheckThread:100 - exiting critical section [integrity check]
2024-04-10 11:13:13,960 [INFO] IntegrityCheckThread:103 - End integrity checks thread
2024-04-10 11:13:34,366 [ERROR] LogOutputStream:75 - [STDERR_REDIRECT] SLF4J: Failed to load class "org.slf4j.impl.StaticLoggerBinder".
2024-04-10 11:13:34,367 [ERROR] LogOutputStream:75 - [STDERR_REDIRECT] SLF4J: Defaulting to no-operation (NOP) logger implementation
2024-04-10 11:13:34,369 [ERROR] LogOutputStream:75 - [STDERR_REDIRECT] SLF4J: See http://www.slf4j.org/codes.html#StaticLoggerBinder for further details.
2024-04-10 12:26:54,622 [ERROR] LogOutputStream:75 - [STDERR_REDIRECT] 
